2026-02-13 11:15:47,655: INFO	pgadmin:	########################################################
2026-02-13 11:15:47,655: INFO	pgadmin:	Starting pgAdmin 4 v9.12...
2026-02-13 11:15:47,655: INFO	pgadmin:	########################################################
2026-02-13 11:15:47,655: DEBUG	pgadmin:	Python syspath: ['/pgadmin4', '/pgadmin4', '/usr/local/lib/python314.zip', '/usr/local/lib/python3.14', '/usr/local/lib/python3.14/lib-dynload', '/venv/lib/python3.14/site-packages', '/usr/local/lib/python3.14/site-packages']
2026-02-13 11:15:49,108: INFO	pgadmin:	Registering blueprint module: <AboutModule 'about'>
2026-02-13 11:15:49,109: INFO	pgadmin:	Registering blueprint module: <AuthenticateModule 'authenticate'>
2026-02-13 11:15:49,109: INFO	pgadmin:	Registering blueprint module: <BrowserModule 'browser'>
2026-02-13 11:15:50,160: INFO	pgadmin:	Registering blueprint module: <DashboardModule 'dashboard'>
2026-02-13 11:15:50,173: INFO	pgadmin:	Registering blueprint module: <HelpModule 'help'>
2026-02-13 11:15:50,173: INFO	pgadmin:	Registering blueprint module: <MiscModule 'misc'>
2026-02-13 11:15:51,674: INFO	pgadmin:	Registering blueprint module: <PreferencesModule 'preferences'>
2026-02-13 11:15:51,677: INFO	pgadmin:	Registering blueprint module: <PgAdminModule 'redirects'>
2026-02-13 11:15:51,678: INFO	pgadmin:	Registering blueprint module: <SettingsModule 'settings'>
2026-02-13 11:15:51,682: INFO	pgadmin:	Registering blueprint module: <ToolsModule 'tools'>
2026-02-13 11:15:51,857: DEBUG	pgadmin:	Config server mode: True
2026-02-13 11:15:51,858: DEBUG	pgadmin:	Not running under the desktop runtime, port: 5050
2026-02-13 11:15:57,402: INFO	pgadmin:	########################################################
2026-02-13 11:15:57,402: INFO	pgadmin:	Starting pgAdmin 4 v9.12...
2026-02-13 11:15:57,402: INFO	pgadmin:	########################################################
2026-02-13 11:15:57,402: DEBUG	pgadmin:	Python syspath: ['/pgadmin4', '/venv/bin', '/pgadmin4', '/usr/local/lib/python314.zip', '/usr/local/lib/python3.14', '/usr/local/lib/python3.14/lib-dynload', '/venv/lib/python3.14/site-packages', '/usr/local/lib/python3.14/site-packages']
2026-02-13 11:15:57,746: INFO	pgadmin:	Registering blueprint module: <AboutModule 'about'>
2026-02-13 11:15:57,747: INFO	pgadmin:	Registering blueprint module: <AuthenticateModule 'authenticate'>
2026-02-13 11:15:57,748: INFO	pgadmin:	Registering blueprint module: <BrowserModule 'browser'>
2026-02-13 11:15:58,459: INFO	pgadmin:	Registering blueprint module: <DashboardModule 'dashboard'>
2026-02-13 11:15:58,473: INFO	pgadmin:	Registering blueprint module: <HelpModule 'help'>
2026-02-13 11:15:58,473: INFO	pgadmin:	Registering blueprint module: <MiscModule 'misc'>
2026-02-13 11:15:58,881: INFO	pgadmin:	Registering blueprint module: <PreferencesModule 'preferences'>
2026-02-13 11:15:58,884: INFO	pgadmin:	Registering blueprint module: <PgAdminModule 'redirects'>
2026-02-13 11:15:58,884: INFO	pgadmin:	Registering blueprint module: <SettingsModule 'settings'>
2026-02-13 11:15:58,888: INFO	pgadmin:	Registering blueprint module: <ToolsModule 'tools'>
2026-02-13 11:15:58,997: DEBUG	pgadmin:	Config server mode: True
2026-02-13 11:15:58,997: DEBUG	pgadmin:	Not running under the desktop runtime, port: 5050
2026-02-13 11:16:38,839: DEBUG	pgadmin:	Authentication initiated via source: webserver
2026-02-13 11:16:38,839: DEBUG	pgadmin:	Authentication initiated via source: webserver is failed.
2026-02-13 11:35:46,531: INFO	pgadmin:	########################################################
2026-02-13 11:35:46,531: INFO	pgadmin:	Starting pgAdmin 4 v9.12...
2026-02-13 11:35:46,531: INFO	pgadmin:	########################################################
2026-02-13 11:35:46,531: DEBUG	pgadmin:	Python syspath: ['/pgadmin4', '/pgadmin4', '/usr/local/lib/python314.zip', '/usr/local/lib/python3.14', '/usr/local/lib/python3.14/lib-dynload', '/venv/lib/python3.14/site-packages', '/usr/local/lib/python3.14/site-packages']
2026-02-13 11:35:47,093: INFO	pgadmin:	Registering blueprint module: <AboutModule 'about'>
2026-02-13 11:35:47,094: INFO	pgadmin:	Registering blueprint module: <AuthenticateModule 'authenticate'>
2026-02-13 11:35:47,095: INFO	pgadmin:	Registering blueprint module: <BrowserModule 'browser'>
2026-02-13 11:35:47,897: INFO	pgadmin:	Registering blueprint module: <DashboardModule 'dashboard'>
2026-02-13 11:35:47,913: INFO	pgadmin:	Registering blueprint module: <HelpModule 'help'>
2026-02-13 11:35:47,913: INFO	pgadmin:	Registering blueprint module: <MiscModule 'misc'>
2026-02-13 11:35:48,460: INFO	pgadmin:	Registering blueprint module: <PreferencesModule 'preferences'>
2026-02-13 11:35:48,462: INFO	pgadmin:	Registering blueprint module: <PgAdminModule 'redirects'>
2026-02-13 11:35:48,463: INFO	pgadmin:	Registering blueprint module: <SettingsModule 'settings'>
2026-02-13 11:35:48,466: INFO	pgadmin:	Registering blueprint module: <ToolsModule 'tools'>
2026-02-13 11:35:48,577: DEBUG	pgadmin:	Config server mode: True
2026-02-13 11:35:48,578: DEBUG	pgadmin:	Not running under the desktop runtime, port: 5050
2026-02-13 11:35:53,130: INFO	pgadmin:	########################################################
2026-02-13 11:35:53,130: INFO	pgadmin:	Starting pgAdmin 4 v9.12...
2026-02-13 11:35:53,130: INFO	pgadmin:	########################################################
2026-02-13 11:35:53,130: DEBUG	pgadmin:	Python syspath: ['/pgadmin4', '/venv/bin', '/pgadmin4', '/usr/local/lib/python314.zip', '/usr/local/lib/python3.14', '/usr/local/lib/python3.14/lib-dynload', '/venv/lib/python3.14/site-packages', '/usr/local/lib/python3.14/site-packages']
2026-02-13 11:35:53,467: INFO	pgadmin:	Registering blueprint module: <AboutModule 'about'>
2026-02-13 11:35:53,468: INFO	pgadmin:	Registering blueprint module: <AuthenticateModule 'authenticate'>
2026-02-13 11:35:53,469: INFO	pgadmin:	Registering blueprint module: <BrowserModule 'browser'>
2026-02-13 11:35:54,176: INFO	pgadmin:	Registering blueprint module: <DashboardModule 'dashboard'>
2026-02-13 11:35:54,188: INFO	pgadmin:	Registering blueprint module: <HelpModule 'help'>
2026-02-13 11:35:54,189: INFO	pgadmin:	Registering blueprint module: <MiscModule 'misc'>
2026-02-13 11:35:54,559: INFO	pgadmin:	Registering blueprint module: <PreferencesModule 'preferences'>
2026-02-13 11:35:54,562: INFO	pgadmin:	Registering blueprint module: <PgAdminModule 'redirects'>
2026-02-13 11:35:54,563: INFO	pgadmin:	Registering blueprint module: <SettingsModule 'settings'>
2026-02-13 11:35:54,568: INFO	pgadmin:	Registering blueprint module: <ToolsModule 'tools'>
2026-02-13 11:35:54,675: DEBUG	pgadmin:	Config server mode: True
2026-02-13 11:35:54,675: DEBUG	pgadmin:	Not running under the desktop runtime, port: 5050
2026-02-13 11:40:58,637: INFO	pgadmin:	########################################################
2026-02-13 11:40:58,638: INFO	pgadmin:	Starting pgAdmin 4 v9.12...
2026-02-13 11:40:58,638: INFO	pgadmin:	########################################################
2026-02-13 11:40:58,638: DEBUG	pgadmin:	Python syspath: ['/pgadmin4', '/pgadmin4', '/usr/local/lib/python314.zip', '/usr/local/lib/python3.14', '/usr/local/lib/python3.14/lib-dynload', '/venv/lib/python3.14/site-packages', '/usr/local/lib/python3.14/site-packages']
2026-02-13 11:40:59,718: INFO	pgadmin:	Registering blueprint module: <AboutModule 'about'>
2026-02-13 11:40:59,719: INFO	pgadmin:	Registering blueprint module: <AuthenticateModule 'authenticate'>
2026-02-13 11:40:59,720: INFO	pgadmin:	Registering blueprint module: <BrowserModule 'browser'>
2026-02-13 11:41:00,761: INFO	pgadmin:	Registering blueprint module: <DashboardModule 'dashboard'>
2026-02-13 11:41:00,774: INFO	pgadmin:	Registering blueprint module: <HelpModule 'help'>
2026-02-13 11:41:00,775: INFO	pgadmin:	Registering blueprint module: <MiscModule 'misc'>
2026-02-13 11:41:02,331: INFO	pgadmin:	Registering blueprint module: <PreferencesModule 'preferences'>
2026-02-13 11:41:02,333: INFO	pgadmin:	Registering blueprint module: <PgAdminModule 'redirects'>
2026-02-13 11:41:02,334: INFO	pgadmin:	Registering blueprint module: <SettingsModule 'settings'>
2026-02-13 11:41:02,338: INFO	pgadmin:	Registering blueprint module: <ToolsModule 'tools'>
2026-02-13 11:41:02,551: DEBUG	pgadmin:	Config server mode: True
2026-02-13 11:41:02,552: DEBUG	pgadmin:	Not running under the desktop runtime, port: 5050
2026-02-13 11:41:07,217: INFO	pgadmin:	########################################################
2026-02-13 11:41:07,217: INFO	pgadmin:	Starting pgAdmin 4 v9.12...
2026-02-13 11:41:07,217: INFO	pgadmin:	########################################################
2026-02-13 11:41:07,217: DEBUG	pgadmin:	Python syspath: ['/pgadmin4', '/venv/bin', '/pgadmin4', '/usr/local/lib/python314.zip', '/usr/local/lib/python3.14', '/usr/local/lib/python3.14/lib-dynload', '/venv/lib/python3.14/site-packages', '/usr/local/lib/python3.14/site-packages']
2026-02-13 11:41:07,558: INFO	pgadmin:	Registering blueprint module: <AboutModule 'about'>
2026-02-13 11:41:07,559: INFO	pgadmin:	Registering blueprint module: <AuthenticateModule 'authenticate'>
2026-02-13 11:41:07,559: INFO	pgadmin:	Registering blueprint module: <BrowserModule 'browser'>
2026-02-13 11:41:08,248: INFO	pgadmin:	Registering blueprint module: <DashboardModule 'dashboard'>
2026-02-13 11:41:08,260: INFO	pgadmin:	Registering blueprint module: <HelpModule 'help'>
2026-02-13 11:41:08,261: INFO	pgadmin:	Registering blueprint module: <MiscModule 'misc'>
2026-02-13 11:41:08,634: INFO	pgadmin:	Registering blueprint module: <PreferencesModule 'preferences'>
2026-02-13 11:41:08,637: INFO	pgadmin:	Registering blueprint module: <PgAdminModule 'redirects'>
2026-02-13 11:41:08,638: INFO	pgadmin:	Registering blueprint module: <SettingsModule 'settings'>
2026-02-13 11:41:08,641: INFO	pgadmin:	Registering blueprint module: <ToolsModule 'tools'>
2026-02-13 11:41:08,747: DEBUG	pgadmin:	Config server mode: True
2026-02-13 11:41:08,748: DEBUG	pgadmin:	Not running under the desktop runtime, port: 5050
2026-02-13 11:52:58,546: INFO	pgadmin:	########################################################
2026-02-13 11:52:58,546: INFO	pgadmin:	Starting pgAdmin 4 v9.12...
2026-02-13 11:52:58,546: INFO	pgadmin:	########################################################
2026-02-13 11:52:58,546: DEBUG	pgadmin:	Python syspath: ['/pgadmin4', '/pgadmin4', '/usr/local/lib/python314.zip', '/usr/local/lib/python3.14', '/usr/local/lib/python3.14/lib-dynload', '/venv/lib/python3.14/site-packages', '/usr/local/lib/python3.14/site-packages']
2026-02-13 11:52:59,594: INFO	pgadmin:	Registering blueprint module: <AboutModule 'about'>
2026-02-13 11:52:59,595: INFO	pgadmin:	Registering blueprint module: <AuthenticateModule 'authenticate'>
2026-02-13 11:52:59,595: INFO	pgadmin:	Registering blueprint module: <BrowserModule 'browser'>
2026-02-13 11:53:00,641: INFO	pgadmin:	Registering blueprint module: <DashboardModule 'dashboard'>
2026-02-13 11:53:00,654: INFO	pgadmin:	Registering blueprint module: <HelpModule 'help'>
2026-02-13 11:53:00,654: INFO	pgadmin:	Registering blueprint module: <MiscModule 'misc'>
2026-02-13 11:53:02,333: INFO	pgadmin:	Registering blueprint module: <PreferencesModule 'preferences'>
2026-02-13 11:53:02,336: INFO	pgadmin:	Registering blueprint module: <PgAdminModule 'redirects'>
2026-02-13 11:53:02,336: INFO	pgadmin:	Registering blueprint module: <SettingsModule 'settings'>
2026-02-13 11:53:02,340: INFO	pgadmin:	Registering blueprint module: <ToolsModule 'tools'>
2026-02-13 11:53:02,546: DEBUG	pgadmin:	Config server mode: True
2026-02-13 11:53:02,546: DEBUG	pgadmin:	Not running under the desktop runtime, port: 5050
2026-02-13 11:53:07,219: INFO	pgadmin:	########################################################
2026-02-13 11:53:07,219: INFO	pgadmin:	Starting pgAdmin 4 v9.12...
2026-02-13 11:53:07,219: INFO	pgadmin:	########################################################
2026-02-13 11:53:07,219: DEBUG	pgadmin:	Python syspath: ['/pgadmin4', '/venv/bin', '/pgadmin4', '/usr/local/lib/python314.zip', '/usr/local/lib/python3.14', '/usr/local/lib/python3.14/lib-dynload', '/venv/lib/python3.14/site-packages', '/usr/local/lib/python3.14/site-packages']
2026-02-13 11:53:07,571: INFO	pgadmin:	Registering blueprint module: <AboutModule 'about'>
2026-02-13 11:53:07,572: INFO	pgadmin:	Registering blueprint module: <AuthenticateModule 'authenticate'>
2026-02-13 11:53:07,573: INFO	pgadmin:	Registering blueprint module: <BrowserModule 'browser'>
2026-02-13 11:53:08,272: INFO	pgadmin:	Registering blueprint module: <DashboardModule 'dashboard'>
2026-02-13 11:53:08,285: INFO	pgadmin:	Registering blueprint module: <HelpModule 'help'>
2026-02-13 11:53:08,285: INFO	pgadmin:	Registering blueprint module: <MiscModule 'misc'>
2026-02-13 11:53:08,655: INFO	pgadmin:	Registering blueprint module: <PreferencesModule 'preferences'>
2026-02-13 11:53:08,657: INFO	pgadmin:	Registering blueprint module: <PgAdminModule 'redirects'>
2026-02-13 11:53:08,658: INFO	pgadmin:	Registering blueprint module: <SettingsModule 'settings'>
2026-02-13 11:53:08,662: INFO	pgadmin:	Registering blueprint module: <ToolsModule 'tools'>
2026-02-13 11:53:08,762: DEBUG	pgadmin:	Config server mode: True
2026-02-13 11:53:08,763: DEBUG	pgadmin:	Not running under the desktop runtime, port: 5050
2026-02-13 11:53:32,009: INFO	pgadmin:	########################################################
2026-02-13 11:53:32,009: INFO	pgadmin:	Starting pgAdmin 4 v9.12...
2026-02-13 11:53:32,009: INFO	pgadmin:	########################################################
2026-02-13 11:53:32,009: DEBUG	pgadmin:	Python syspath: ['/pgadmin4', '/pgadmin4', '/usr/local/lib/python314.zip', '/usr/local/lib/python3.14', '/usr/local/lib/python3.14/lib-dynload', '/venv/lib/python3.14/site-packages', '/usr/local/lib/python3.14/site-packages']
2026-02-13 11:53:33,048: INFO	pgadmin:	Registering blueprint module: <AboutModule 'about'>
2026-02-13 11:53:33,049: INFO	pgadmin:	Registering blueprint module: <AuthenticateModule 'authenticate'>
2026-02-13 11:53:33,049: INFO	pgadmin:	Registering blueprint module: <BrowserModule 'browser'>
2026-02-13 11:53:34,092: INFO	pgadmin:	Registering blueprint module: <DashboardModule 'dashboard'>
2026-02-13 11:53:34,105: INFO	pgadmin:	Registering blueprint module: <HelpModule 'help'>
2026-02-13 11:53:34,105: INFO	pgadmin:	Registering blueprint module: <MiscModule 'misc'>
2026-02-13 11:53:35,630: INFO	pgadmin:	Registering blueprint module: <PreferencesModule 'preferences'>
2026-02-13 11:53:35,633: INFO	pgadmin:	Registering blueprint module: <PgAdminModule 'redirects'>
2026-02-13 11:53:35,633: INFO	pgadmin:	Registering blueprint module: <SettingsModule 'settings'>
2026-02-13 11:53:35,638: INFO	pgadmin:	Registering blueprint module: <ToolsModule 'tools'>
2026-02-13 11:53:35,840: DEBUG	pgadmin:	Config server mode: True
2026-02-13 11:53:35,840: DEBUG	pgadmin:	Not running under the desktop runtime, port: 5050
2026-02-13 11:53:40,497: INFO	pgadmin:	########################################################
2026-02-13 11:53:40,497: INFO	pgadmin:	Starting pgAdmin 4 v9.12...
2026-02-13 11:53:40,497: INFO	pgadmin:	########################################################
2026-02-13 11:53:40,497: DEBUG	pgadmin:	Python syspath: ['/pgadmin4', '/venv/bin', '/pgadmin4', '/usr/local/lib/python314.zip', '/usr/local/lib/python3.14', '/usr/local/lib/python3.14/lib-dynload', '/venv/lib/python3.14/site-packages', '/usr/local/lib/python3.14/site-packages']
2026-02-13 11:53:40,835: INFO	pgadmin:	Registering blueprint module: <AboutModule 'about'>
2026-02-13 11:53:40,836: INFO	pgadmin:	Registering blueprint module: <AuthenticateModule 'authenticate'>
2026-02-13 11:53:40,837: INFO	pgadmin:	Registering blueprint module: <BrowserModule 'browser'>
2026-02-13 11:53:41,537: INFO	pgadmin:	Registering blueprint module: <DashboardModule 'dashboard'>
2026-02-13 11:53:41,550: INFO	pgadmin:	Registering blueprint module: <HelpModule 'help'>
2026-02-13 11:53:41,551: INFO	pgadmin:	Registering blueprint module: <MiscModule 'misc'>
2026-02-13 11:53:41,921: INFO	pgadmin:	Registering blueprint module: <PreferencesModule 'preferences'>
2026-02-13 11:53:41,924: INFO	pgadmin:	Registering blueprint module: <PgAdminModule 'redirects'>
2026-02-13 11:53:41,925: INFO	pgadmin:	Registering blueprint module: <SettingsModule 'settings'>
2026-02-13 11:53:41,929: INFO	pgadmin:	Registering blueprint module: <ToolsModule 'tools'>
2026-02-13 11:53:42,036: DEBUG	pgadmin:	Config server mode: True
2026-02-13 11:53:42,036: DEBUG	pgadmin:	Not running under the desktop runtime, port: 5050
2026-02-13 12:00:23,154: INFO	pgadmin:	########################################################
2026-02-13 12:00:23,154: INFO	pgadmin:	Starting pgAdmin 4 v9.12...
2026-02-13 12:00:23,154: INFO	pgadmin:	########################################################
2026-02-13 12:00:23,154: DEBUG	pgadmin:	Python syspath: ['/pgadmin4', '/pgadmin4', '/usr/local/lib/python314.zip', '/usr/local/lib/python3.14', '/usr/local/lib/python3.14/lib-dynload', '/venv/lib/python3.14/site-packages', '/usr/local/lib/python3.14/site-packages']
2026-02-13 12:00:24,209: INFO	pgadmin:	Registering blueprint module: <AboutModule 'about'>
2026-02-13 12:00:24,210: INFO	pgadmin:	Registering blueprint module: <AuthenticateModule 'authenticate'>
2026-02-13 12:00:24,210: INFO	pgadmin:	Registering blueprint module: <BrowserModule 'browser'>
2026-02-13 12:00:25,235: INFO	pgadmin:	Registering blueprint module: <DashboardModule 'dashboard'>
2026-02-13 12:00:25,247: INFO	pgadmin:	Registering blueprint module: <HelpModule 'help'>
2026-02-13 12:00:25,248: INFO	pgadmin:	Registering blueprint module: <MiscModule 'misc'>
2026-02-13 12:00:26,926: INFO	pgadmin:	Registering blueprint module: <PreferencesModule 'preferences'>
2026-02-13 12:00:26,928: INFO	pgadmin:	Registering blueprint module: <PgAdminModule 'redirects'>
2026-02-13 12:00:26,929: INFO	pgadmin:	Registering blueprint module: <SettingsModule 'settings'>
2026-02-13 12:00:26,933: INFO	pgadmin:	Registering blueprint module: <ToolsModule 'tools'>
2026-02-13 12:00:27,128: DEBUG	pgadmin:	Config server mode: True
2026-02-13 12:00:27,128: DEBUG	pgadmin:	Not running under the desktop runtime, port: 5050
2026-02-13 12:00:31,657: INFO	pgadmin:	########################################################
2026-02-13 12:00:31,657: INFO	pgadmin:	Starting pgAdmin 4 v9.12...
2026-02-13 12:00:31,657: INFO	pgadmin:	########################################################
2026-02-13 12:00:31,657: DEBUG	pgadmin:	Python syspath: ['/pgadmin4', '/venv/bin', '/pgadmin4', '/usr/local/lib/python314.zip', '/usr/local/lib/python3.14', '/usr/local/lib/python3.14/lib-dynload', '/venv/lib/python3.14/site-packages', '/usr/local/lib/python3.14/site-packages']
2026-02-13 12:00:32,007: INFO	pgadmin:	Registering blueprint module: <AboutModule 'about'>
2026-02-13 12:00:32,008: INFO	pgadmin:	Registering blueprint module: <AuthenticateModule 'authenticate'>
2026-02-13 12:00:32,010: INFO	pgadmin:	Registering blueprint module: <BrowserModule 'browser'>
2026-02-13 12:00:32,714: INFO	pgadmin:	Registering blueprint module: <DashboardModule 'dashboard'>
2026-02-13 12:00:32,728: INFO	pgadmin:	Registering blueprint module: <HelpModule 'help'>
2026-02-13 12:00:32,728: INFO	pgadmin:	Registering blueprint module: <MiscModule 'misc'>
2026-02-13 12:00:33,118: INFO	pgadmin:	Registering blueprint module: <PreferencesModule 'preferences'>
2026-02-13 12:00:33,120: INFO	pgadmin:	Registering blueprint module: <PgAdminModule 'redirects'>
2026-02-13 12:00:33,121: INFO	pgadmin:	Registering blueprint module: <SettingsModule 'settings'>
2026-02-13 12:00:33,125: INFO	pgadmin:	Registering blueprint module: <ToolsModule 'tools'>
2026-02-13 12:00:33,229: DEBUG	pgadmin:	Config server mode: True
2026-02-13 12:00:33,229: DEBUG	pgadmin:	Not running under the desktop runtime, port: 5050
